 call succeeded!!
 success
 Script loaded!
:63689/content/cj3PhTTltCvPITqeAAGV/s9EzBLV/7NVvJXF/MRHK7gI/8qi7zY4/O5SWXAI/css/css/suisse.woff:1  Failed to load resource: the server responded with a status of 404 (Not Found)
deviceClientScript.js:394 Uncaught TypeError: window.DW_LiveEdit_DoEdit is not a function
deviceClientScript.js:394 Uncaught TypeError: window.DW_LiveEdit_DoEdit is not a function
 Script loaded!
:63689/content/cj3PhTTltCvPITqeAAGV/Pbv0nQq/TyXxTUn/HXkcxlx/oDS2kOa/OPGaUKM/css/css/suisse.woff:1  Failed to load resource: the server responded with a status of 404 (Not Found)
 Script loaded!
:63689/content/cj3PhTTltCvPITqeAAGV/0Dr0agJ/5TZmqSW/ciGVV1I/m79KBdb/ixQMOqj/css/css/suisse.woff:1  Failed to load resource: the server responded with a status of 404 (Not Found)
 Script loaded!
:63689/content/cj3PhTTltCvPITqeAAGV/FFcsszg/zUGqDD0/yAISZCW/NwZ05YJ/A0Y9kzR/css/css/suisse.woff:1  Failed to load resource: the server responded with a status of 404 (Not Found)
 Script loaded!
:63689/content/cj3PhTTltCvPITqeAAGV/JXYIIkl/0jHcdTe/Twl5yAe/NJWcJiJ/MctdpzB/css/css/suisse.woff:1  Failed to load resource: the server responded with a status of 404 (Not Found)
 Script loaded!
:63689/content/cj3PhTTltCvPITqeAAGV/Jk32THS/ENrk8fF/o3bZQad/ZE5Wjcq/euaF8Nc/css/css/suisse.woff:1  Failed to load resource: the server responded with a status of 404 (Not Found)
 Script loaded!
:63689/content/cj3PhTTltCvPITqeAAGV/laYw0nZ/luwELNj/VP3glYA/M0LImHz/vGppgu5/css/css/suisse.woff:1  Failed to load resource: the server responded with a status of 404 (Not Found)
 Script loaded!
:63689/content/cj3PhTTltCvPITqeAAGV/3N103yt/q23hZVG/9Y0tez3/WgKSDdN/3z3TD3l/css/css/suisse.woff:1  Failed to load resource: the server responded with a status of 404 (Not Found)
 Script loaded!
:63689/content/cj3PhTTltCvPITqeAAGV/yIwvc3Z/MjHRHIM/TuAANBt/OHiaDyP/HTfiIrW/css/css/suisse.woff:1  Failed to load resource: the server responded with a status of 404 (Not Found)
 Script loaded!
:63689/content/cj3PhTTltCvPITqeAAGV/5hJkpnK/bHLWqtM/fDlyEbc/5YyK32x/tyzFYnt/css/css/suisse.woff:1  Failed to load resource: the server responded with a status of 404 (Not Found)
 Script loaded!
:63689/content/cj3Ph…DJ/js/script.js:284 Uncaught TypeError: Cannot set properties of null (setting 'textContent')
:63689/content/cj3PhTTltCvPITqeAAGV/LBn6CoC/jngLdmc/YDx93q7/C31ZzSH/e5397DJ/css/css/suisse.woff:1  Failed to load resource: the server responded with a status of 404 (Not Found)
 Script loaded!
:63689/content/cj3Ph…7P/js/script.js:284 Uncaught TypeError: Cannot set properties of null (setting 'textContent')
:63689/content/cj3PhTTltCvPITqeAAGV/rl2wR5T/MC9SmSN/Hp7ofIX/IJMbtsb/ftLDl7P/css/css/suisse.woff:1  Failed to load resource: the server responded with a status of 404 (Not Found)
 Script loaded!
:63689/content/cj3Ph…U5/js/script.js:282 Uncaught TypeError: Cannot set properties of null (setting 'textContent')
:63689/content/cj3PhTTltCvPITqeAAGV/px3LrAv/uldTAn8/iAt7mdA/x6EMJgV/l9KKzU5/css/css/suisse.woff:1  Failed to load resource: the server responded with a status of 404 (Not Found)
 Script loaded!
:63689/content/cj3Ph…86/js/script.js:282 Uncaught TypeError: Cannot set properties of null (setting 'textContent')
:63689/content/cj3PhTTltCvPITqeAAGV/YodS6IS/eCvwi3p/axco0c5/YzwZSXr/XjUfV86/css/css/suisse.woff:1  Failed to load resource: the server responded with a status of 404 (Not Found)
 Script loaded!
:63689/content/cj3PhTTltCvPITqeAAGV/OdT9oXL/kxnkciz/5znTAtp/3haNACW/dZkkD3U/css/css/suisse.woff:1  Failed to load resource: the server responded with a status of 404 (Not Found)
 Script loaded!
:63689/content/cj3PhTTltCvPITqeAAGV/hzEMkIM/blb83RK/xty1zAe/WV1XVPr/hh6uBbo/css/css/suisse.woff:1  Failed to load resource: the server responded with a status of 404 (Not Found)
:63689/content/cj3Ph…uw/js/script.js:607 Uncaught SyntaxError: Unexpected end of input
:63689/content/cj3PhTTltCvPITqeAAGV/XYDY5pG/i8Et4f3/7J7TEUl/9TVcIQJ/8Gdwluw/css/css/suisse.woff:1  Failed to load resource: the server responded with a status of 404 (Not Found)
 Script loaded!
:63689/content/cj3Ph…UM/js/script.js:279 Uncaught ReferenceError: initializeEuropaQuote is not defined
:63689/content/cj3PhTTltCvPITqeAAGV/so6aODt/oQHyM76/D05GKyK/kM1J4rQ/5iVbkUM/css/css/suisse.woff:1  Failed to load resource: the server responded with a status of 404 (Not Found)
 Script loaded!
:63689/content/cj3Ph…QF/js/script.js:279 Uncaught ReferenceError: initializeEuropaQuote is not defined
:63689/content/cj3PhTTltCvPITqeAAGV/ZpQxEp1/v32r9zb/ncau5vk/lkiFgOr/dcKj4QF/css/css/suisse.woff:1  Failed to load resource: the server responded with a status of 404 (Not Found)
 Script loaded!
 Element with ID 'europa-quote' not found.
initializeEuropaQuote @ :63689/content/cj3Ph…PL/js/script.js:290
:63689/content/cj3PhTTltCvPITqeAAGV/2TZONSw/PC6TYUM/ehl50pE/HyEZku6/5O6JQPL/css/css/suisse.woff:1  Failed to load resource: the server responded with a status of 404 (Not Found)
 Script loaded!
 Element with ID 'europa-quote' not found.
initializeEuropaQuote @ :63689/content/cj3Ph…47/js/script.js:290
:63689/content/cj3PhTTltCvPITqeAAGV/JHKdZxY/4Fw7PQx/xHQGQtp/ENhhG66/QEIjg47/css/css/suisse.woff:1  Failed to load resource: the server responded with a status of 404 (Not Found)
 Script loaded!
 Element with ID 'europa-quote' not found.
initializeEuropaQuote @ :63689/content/cj3Ph…5M/js/script.js:290
:63689/content/cj3PhTTltCvPITqeAAGV/frjXAhV/383M8MC/U62VVDo/ZGV99h9/rmFpF5M/css/css/suisse.woff:1  Failed to load resource: the server responded with a status of 404 (Not Found)
 Script loaded!
:63689/content/cj3PhTTltCvPITqeAAGV/h1mooSj/I8LXU2p/WS22y9f/mJEVp7t/4VDrmnp/css/css/suisse.woff:1  Failed to load resource: the server responded with a status of 404 (Not Found)
 Script loaded!
:63689/content/cj3PhTTltCvPITqeAAGV/hNAKMRO/FvqSEXY/mWaQH0D/VJrCAG5/JdS5ZDG/css/css/suisse.woff:1  Failed to load resource: the server responded with a status of 404 (Not Found)
 Script loaded!
:63689/content/cj3PhTTltCvPITqeAAGV/zAlhJ9h/OXCdEaf/gwtk8kX/JfGKszv/gpZqNUn/css/css/suisse.woff:1  Failed to load resource: the server responded with a status of 404 (Not Found)
 Script loaded!
:63689/content/cj3PhTTltCvPITqeAAGV/qwOj5hP/hUa5SoM/0tfO74G/3ZQchH1/R4gzSrT/css/css/suisse.woff:1  Failed to load resource: the server responded with a status of 404 (Not Found)
 Script loaded!
:63689/content/cj3PhTTltCvPITqeAAGV/8V4cwRm/npCKun0/BdmdzuU/XPo1kRy/mX30BMj/css/css/suisse.woff:1  Failed to load resource: the server responded with a status of 404 (Not Found)
 Script loaded!
:63689/content/cj3PhTTltCvPITqeAAGV/6dXuFq5/bevZMCn/WZjSep1/wmUNX3C/mFPGJHv/css/css/suisse.woff:1  Failed to load resource: the server responded with a status of 404 (Not Found)
 Script loaded!
:63689/content/cj3PhTTltCvPITqeAAGV/YAQpaPW/MNEXwxz/BpfYZML/Vm2JAbo/o4ltFVs/css/css/suisse.woff:1  Failed to load resource: the server responded with a status of 404 (Not Found)
 Script loaded!
:63689/content/cj3PhTTltCvPITqeAAGV/ceTmABV/4CTItKj/tZdvuTc/W3hZ3js/ZnCQVDs/css/css/suisse.woff:1  Failed to load resource: the server responded with a status of 404 (Not Found)
 Script loaded!
:63689/content/cj3PhTTltCvPITqeAAGV/nOANwSd/k6vkQGh/avl5HTT/HRrCtI2/lM25H31/css/css/suisse.woff:1  Failed to load resource: the server responded with a status of 404 (Not Found)
 Script loaded!
:63689/content/cj3PhTTltCvPITqeAAGV/yAZE8kq/iZH6NEy/CdXqSzB/OuwiMBE/D0CeoPe/css/css/suisse.woff:1  Failed to load resource: the server responded with a status of 404 (Not Found)
 Script loaded!
:63689/content/cj3PhTTltCvPITqeAAGV/s3IksTL/slobbT3/ZJ54pK3/4Gg2qVe/JtIkJft/css/css/suisse.woff:1  Failed to load resource: the server responded with a status of 404 (Not Found)
 Script loaded!
:63689/content/cj3PhTTltCvPITqeAAGV/aTRmRQp/bT5SI82/Ce6yNCx/Hmswv26/fkwlTq7/css/css/suisse.woff:1  Failed to load resource: the server responded with a status of 404 (Not Found)
 Script loaded!
:63689/content/cj3PhTTltCvPITqeAAGV/Zc5zj2z/QhHT941/6BDBhFb/SEDnpZh/5kjH14n/css/css/suisse.woff:1  Failed to load resource: the server responded with a status of 404 (Not Found)
 Script loaded!
:63689/content/cj3PhTTltCvPITqeAAGV/0XYccdf/Hfhm4Pa/N5TaiMS/4dxc0t1/ybS8WG4/css/css/suisse.woff:1  Failed to load resource: the server responded with a status of 404 (Not Found)
 Script loaded!
:63689/content/cj3PhTTltCvPITqeAAGV/kUJ0aEY/sc7OUZl/x5vsmMP/iBl77Bm/prtmxe5/css/css/suisse.woff:1  Failed to load resource: the server responded with a status of 404 (Not Found)
deviceClientScript.js:394 Uncaught TypeError: window.DW_LiveEdit_DoEdit is not a function
 Script loaded!
:63689/content/cj3PhTTltCvPITqeAAGV/2DIsFHY/M21cus4/u722zxo/jvyZJKM/ozhETgR/css/css/suisse.woff:1  Failed to load resource: the server responded with a status of 404 (Not Found)
 Script loaded!
:63689/content/cj3PhTTltCvPITqeAAGV/XFpr7Uc/EQ8hwWw/Zw171yH/2Vo293C/gfmtmhY/css/css/suisse.woff:1  Failed to load resource: the server responded with a status of 404 (Not Found)
 Script loaded!
:63689/content/cj3PhTTltCvPITqeAAGV/m2F0CC0/bCj1WlU/TQtBjag/BPku9hA/0Zyu9fs/css/css/suisse.woff:1  Failed to load resource: the server responded with a status of 404 (Not Found)
 Script loaded!
:63689/content/cj3PhTTltCvPITqeAAGV/QjIOUn0/qxT0jEv/Adrudsl/dqCr8Uf/Y6cz87Z/css/css/suisse.woff:1  Failed to load resource: the server responded with a status of 404 (Not Found)
 Script loaded!
:63689/content/cj3PhTTltCvPITqeAAGV/lk1FsSn/Lfo3D9e/MOC05a4/dR8kVHF/pkiS8y9/css/css/suisse.woff:1  Failed to load resource: the server responded with a status of 404 (Not Found)
 Script loaded!
:63689/content/cj3PhTTltCvPITqeAAGV/HBD2ZtW/mdKrdUQ/3w03NHy/vvmccAR/IU2p0Ru/css/css/suisse.woff:1  Failed to load resource: the server responded with a status of 404 (Not Found)
 Script loaded!
:63689/content/cj3PhTTltCvPITqeAAGV/OesjywQ/mPgA2FI/xfF7Zyz/LeHxmpk/RaOsYT4/css/css/suisse.woff:1  Failed to load resource: the server responded with a status of 404 (Not Found)
 Script loaded!
:63689/content/cj3PhTTltCvPITqeAAGV/0NOcMrb/bMqjGeS/UFEexhK/Yxupf8F/YDeFn9r/css/css/suisse.woff:1  Failed to load resource: the server responded with a status of 404 (Not Found)
 Script loaded!
:63689/content/cj3PhTTltCvPITqeAAGV/dbKhlAI/bUQCUp8/9wEZO9m/nXBEMSO/YuzxRyA/css/css/suisse.woff:1  Failed to load resource: the server responded with a status of 404 (Not Found)
 Script loaded!
:63689/content/cj3PhTTltCvPITqeAAGV/jF6WSc8/nF9Rgyc/Hx3xfCN/RSuNgiB/BFvGWi9/css/css/suisse.woff:1  Failed to load resource: the server responded with a status of 404 (Not Found)
 Script loaded!
:63689/content/cj3PhTTltCvPITqeAAGV/BzvutrM/yNxcLnU/BNVGvEx/OR7ERCY/1Edri6U/css/css/suisse.woff:1  Failed to load resource: the server responded with a status of 404 (Not Found)
 Script loaded!
:63689/content/cj3PhTTltCvPITqeAAGV/Hl31j1i/HGvNjif/KevJ9hW/TRzcAao/752pt5U/css/css/suisse.woff:1  Failed to load resource: the server responded with a status of 404 (Not Found)
 Script loaded!
:63689/content/cj3PhTTltCvPITqeAAGV/O1mXElv/gnBfEUp/6l5fQYn/egOMC3x/NyzL8eW/css/css/suisse.woff:1  Failed to load resource: the server responded with a status of 404 (Not Found)
 Script loaded!
:63689/content/cj3PhTTltCvPITqeAAGV/5NrQWRC/0LRefoi/TbzTGZ9/fSpF6SW/vvOInaa/css/css/suisse.woff:1  Failed to load resource: the server responded with a status of 404 (Not Found)
 Script loaded!
:63689/content/cj3PhTTltCvPITqeAAGV/b42uQnm/g53XDeF/1AdEH8E/DjascIi/AbpC32C/css/css/suisse.woff:1  Failed to load resource: the server responded with a status of 404 (Not Found)
 data_liveedit_tagid=null not found
(anonymous) @ RemoteFunctions.js:508
 Script loaded!
:63689/content/cj3PhTTltCvPITqeAAGV/kjDY5kv/GjBgyNo/zbV8dgL/ee0bzJs/CfVF9sK/css/css/suisse.woff:1  Failed to load resource: the server responded with a status of 404 (Not Found)
 Script loaded!
:63689/content/cj3PhTTltCvPITqeAAGV/COSMI3w/DZtWe1l/ZEQk1td/r2KnqFx/YBNGUuk/css/css/suisse.woff:1  Failed to load resource: the server responded with a status of 404 (Not Found)
 Script loaded!
:63689/content/cj3PhTTltCvPITqeAAGV/UkKX2LJ/OldICdU/zH7mNHl/DQOMPCh/HQsXa4O/css/css/suisse.woff:1  Failed to load resource: the server responded with a status of 404 (Not Found)
 Script loaded!
:63689/content/cj3PhTTltCvPITqeAAGV/TW1n1fi/jtOcr68/z4WdGeR/smA4GLk/WYHKGku/css/css/suisse.woff:1  Failed to load resource: the server responded with a status of 404 (Not Found)
 Script loaded!
:63689/content/cj3PhTTltCvPITqeAAGV/p6SOSxX/rqA0wK9/QjAUKy5/38SzlZJ/TlWnyGj/css/css/suisse.woff:1  Failed to load resource: the server responded with a status of 404 (Not Found)
 Script loaded!
:63689/content/cj3PhTTltCvPITqeAAGV/9s2FhML/cEXUSZo/MOzHLMH/I2O9N5V/ZV8FVdy/css/css/suisse.woff:1  Failed to load resource: the server responded with a status of 404 (Not Found)
 Script loaded!
:63689/content/cj3PhTTltCvPITqeAAGV/5xd8dm2/xuOdokF/55Z8Hm2/d2Ijk24/1bIQq4u/css/css/suisse.woff:1  Failed to load resource: the server responded with a status of 404 (Not Found)
 Script loaded!
:63689/content/cj3PhTTltCvPITqeAAGV/gkNnJKL/lR6Fb3C/IG8ndIp/1hvCGya/7R1uNzo/css/css/suisse.woff:1  Failed to load resource: the server responded with a status of 404 (Not Found)
 Script loaded!
:63689/content/cj3PhTTltCvPITqeAAGV/dOM4p8A/tCVdjgF/QGS13ZM/Yze5ArA/ikONgFb/css/css/suisse.woff:1  Failed to load resource: the server responded with a status of 404 (Not Found)
 Script loaded!
:63689/content/cj3PhTTltCvPITqeAAGV/3lfeRxv/JJhRnZ3/ul4uvPl/mNxbyCp/1aD5dqi/css/css/suisse.woff:1  Failed to load resource: the server responded with a status of 404 (Not Found)
 Script loaded!
:63689/content/cj3PhTTltCvPITqeAAGV/biyBW61/CUW7cJq/8vUde9r/8ulrGDk/Kcj7Cvx/css/css/suisse.woff:1  Failed to load resource: the server responded with a status of 404 (Not Found)
 Script loaded!
:63689/content/cj3PhTTltCvPITqeAAGV/G6YLrDx/2xIPP9f/6CMAqEj/jXr1NEQ/CABOFtT/css/css/suisse.woff:1  Failed to load resource: the server responded with a status of 404 (Not Found)
 Script loaded!
:63689/content/cj3PhTTltCvPITqeAAGV/yhaU7Jl/LZqHRvl/QFU7Rmk/RvJgfi8/Np5KMiP/css/css/suisse.woff:1  Failed to load resource: the server responded with a status of 404 (Not Found)
 Script loaded!
:63689/content/cj3PhTTltCvPITqeAAGV/3jSQ86E/qgPCCyl/DaRxZ8l/3vT1zvT/er0NWog/css/css/suisse.woff:1  Failed to load resource: the server responded with a status of 404 (Not Found)
 Script loaded!
:63689/content/cj3PhTTltCvPITqeAAGV/AFGC2wd/f7CHPwJ/QRnltGh/u7Uxexm/rtQ05xe/css/css/suisse.woff:1  Failed to load resource: the server responded with a status of 404 (Not Found)
 Script loaded!
:63689/content/cj3PhTTltCvPITqeAAGV/OtJu54E/IteYu3Q/Ki3nLcM/g5dgVHo/7cngRn5/css/css/suisse.woff:1  Failed to load resource: the server responded with a status of 404 (Not Found)
 Script loaded!
:63689/content/cj3PhTTltCvPITqeAAGV/jZkekVH/OF5cAS2/lL4A577/f9DPDnW/0TaJjFv/css/css/suisse.woff:1  Failed to load resource: the server responded with a status of 404 (Not Found)
 Script loaded!
:63689/content/cj3PhTTltCvPITqeAAGV/CtXISct/ZVTFSz3/F8wWw2X/r7ahCE1/X5UHOyI/css/css/suisse.woff:1 
        
        
       Failed to load resource: the server responded with a status of 404 (Not Found)
 Script loaded!
:63689/content/cj3PhTTltCvPITqeAAGV/WJAcyiY/T9uJ4xS/VRBQGZz/obTstz3/v3afkVV/css/css/suisse.woff:1 
        
        
       Failed to load resource: the server responded with a status of 404 (Not Found)
 Script loaded!
:63689/content/cj3PhTTltCvPITqeAAGV/ZJTmVUY/dKVj6pa/35cIeXw/5kpe8Hz/CZXwo1w/css/css/suisse.woff:1 
        
        
       Failed to load resource: the server responded with a status of 404 (Not Found)
 Script loaded!
:63689/content/cj3PhTTltCvPITqeAAGV/JGsveDn/scwH53G/690NtuM/472cJyd/EmNW70m/css/css/suisse.woff:1 
        
        
       Failed to load resource: the server responded with a status of 404 (Not Found)
 Script loaded!
:63689/content/cj3PhTTltCvPITqeAAGV/WjT6myE/mXmbKYI/wlxZ7H4/p8AaApV/xCEqYLo/css/css/suisse.woff:1 
        
        
       Failed to load resource: the server responded with a status of 404 (Not Found)
 Script loaded!
:63689/content/cj3PhTTltCvPITqeAAGV/47KU829/ztWODaH/eywQY3Z/dNFfYXa/KT01eCp/css/css/suisse.woff:1 
        
        
       Failed to load resource: the server responded with a status of 404 (Not Found)
 Script loaded!
:63689/content/cj3PhTTltCvPITqeAAGV/jHPLPKI/6DId2pr/Nxjafc3/jwjLShN/Bca8TjO/css/css/suisse.woff:1 
        
        
       Failed to load resource: the server responded with a status of 404 (Not Found)
deviceClientScript.js:394 Uncaught TypeError: window.DW_LiveEdit_DoEdit is not a function
 Script loaded!
:63689/content/cj3PhTTltCvPITqeAAGV/qKytGIq/yTMkT28/CGV0bcM/ynKEx8x/iHCKpOj/css/css/suisse.woff:1 
        
        
       Failed to load resource: the server responded with a status of 404 (Not Found)
 Script loaded!
:63689/content/cj3PhTTltCvPITqeAAGV/t4PK5lQ/48BmTO5/wc8d5Pl/OxskKoz/PJMit5D/css/css/suisse.woff:1 
        
        
       Failed to load resource: the server responded with a status of 404 (Not Found)
 Script loaded!
:63689/content/cj3PhTTltCvPITqeAAGV/TI3D4Xy/VEX6V85/9JU9pLt/oKCjcWr/UCxg9WM/css/css/suisse.woff:1 
        
        
       Failed to load resource: the server responded with a status of 404 (Not Found)
 Script loaded!
:63689/content/cj3PhTTltCvPITqeAAGV/jQXtNy5/1pTBoDl/y8eYzJf/30D89FV/dI1ZfhP/css/css/suisse.woff:1 
        
        
       Failed to load resource: the server responded with a status of 404 (Not Found)
 Script loaded!
:63689/content/cj3PhTTltCvPITqeAAGV/trKOXE1/J7CTKlC/QBAc2f6/eb2zKcT/SjPtjRL/css/css/suisse.woff:1 
        
        
       Failed to load resource: the server responded with a status of 404 (Not Found)
 Script loaded!
:63689/content/cj3PhTTltCvPITqeAAGV/0jEKwca/T2qqJwd/2FSKF2i/hK40jcz/N1g9udz/css/css/suisse.woff:1 
        
        
       Failed to load resource: the server responded with a status of 404 (Not Found)
 Script loaded!
:63689/content/cj3PhTTltCvPITqeAAGV/YpZufPV/K4xx9Dv/8BOuzFV/gSd8nf3/I8vYIRc/css/css/suisse.woff:1 
        
        
       Failed to load resource: the server responded with a status of 404 (Not Found)
 Script loaded!
:63689/content/cj3PhTTltCvPITqeAAGV/2uaC3zd/x5PtbBK/CXJPaWU/Gz1adeP/qCEkxLe/css/css/suisse.woff:1 
        
        
       Failed to load resource: the server responded with a status of 404 (Not Found)
 Script loaded!
:63689/content/cj3PhTTltCvPITqeAAGV/WvnRhck/n9XXZhX/pSZiHJc/1rQkpc2/jGwaHCe/css/css/suisse.woff:1 
        
        
       Failed to load resource: the server responded with a status of 404 (Not Found)
 Fetched speeches: [object Object]
 Fetched speeches: [object Object]
 Fetched speeches: [object Object]
 Fetched speeches: [object Object]
:63689/Users/eliaskarlsson/Documents/Portfolio%20Final/json/speeches.txt:1 
        
        
       Failed to load resource: the server responded with a status of 404 (Not Found)
